[debug] [2025-11-20T11:56:05.860Z] ----------------------------------------------------------------------
[debug] [2025-11-20T11:56:05.866Z] Command:       C:\Program Files\nodejs\node.exe C:\Users\Angela\AppData\Roaming\npm\node_modules\firebase-tools\lib\bin\firebase.js init hosting
[debug] [2025-11-20T11:56:05.867Z] CLI Version:   14.25.1
[debug] [2025-11-20T11:56:05.867Z] Platform:      win32
[debug] [2025-11-20T11:56:05.867Z] Node Version:  v22.15.0
[debug] [2025-11-20T11:56:05.868Z] Time:          Thu Nov 20 2025 06:56:05 GMT-0500 (hora estándar de Colombia)
[debug] [2025-11-20T11:56:05.868Z] ----------------------------------------------------------------------
[debug] 
[debug] [2025-11-20T11:56:05.873Z] >>> [apiv2][query] GET https://firebase-public.firebaseio.com/cli.json [none]
[info] 
     ######## #### ########  ######## ########     ###     ######  ########
     ##        ##  ##     ## ##       ##     ##  ##   ##  ##       ##
     ######    ##  ########  ######   ########  #########  ######  ######
     ##        ##  ##    ##  ##       ##     ## ##     ##       ## ##
     ##       #### ##     ## ######## ########  ##     ##  ######  ########

You're about to initialize a Firebase project in this directory:

  C:\Users\Angela\OneDrive\Documentos\Comunicación\DataFlow-1

[debug] [2025-11-20T11:56:06.295Z] <<< [apiv2][status] GET https://firebase-public.firebaseio.com/cli.json 200
[debug] [2025-11-20T11:56:06.296Z] <<< [apiv2][body] GET https://firebase-public.firebaseio.com/cli.json {"cloudBuildErrorAfter":1594252800000,"cloudBuildWarnAfter":1590019200000,"defaultNode10After":1594252800000,"minVersion":"3.0.5","node8DeploysDisabledAfter":1613390400000,"node8RuntimeDisabledAfter":1615809600000,"node8WarnAfter":1600128000000}
[info] 
=== Project Setup
[info] 
[info] First, let's associate this project directory with a Firebase project.
[info] You can create multiple project aliases by running firebase use --add, 
[info] 
